\BOOKMARK [0][-]{section*.1}{Contents}{}% 1
\BOOKMARK [0][-]{section*.2}{List of Figures}{}% 2
\BOOKMARK [0][-]{section*.3}{List of Tables}{}% 3
\BOOKMARK [0][-]{chapter.1}{Introduction}{}% 4
\BOOKMARK [1][-]{section.1.1}{Motivation}{chapter.1}% 5
\BOOKMARK [1][-]{section.1.2}{Technological Challenges}{chapter.1}% 6
\BOOKMARK [1][-]{section.1.3}{Optimal Rearrangement of Cluster-based Astronomy Signal Processing}{chapter.1}% 7
\BOOKMARK [0][-]{chapter.2}{Real Time Radio Astronomy Algorithms}{}% 8
\BOOKMARK [1][-]{section.2.1}{Spectroscopy}{chapter.2}% 9
\BOOKMARK [1][-]{section.2.2}{Pulsar Processing}{chapter.2}% 10
\BOOKMARK [1][-]{section.2.3}{Beamforming}{chapter.2}% 11
\BOOKMARK [1][-]{section.2.4}{Correlation}{chapter.2}% 12
\BOOKMARK [0][-]{chapter.3}{Related Work}{}% 13
\BOOKMARK [1][-]{section.3.1}{Radio Astronomy}{chapter.3}% 14
\BOOKMARK [1][-]{section.3.2}{Algorithm Tuning}{chapter.3}% 15
\BOOKMARK [0][-]{chapter.4}{High Level Toolflow}{}% 16
\BOOKMARK [1][-]{section.4.1}{ORCAS Goals}{chapter.4}% 17
\BOOKMARK [1][-]{section.4.2}{Instrument Definition}{chapter.4}% 18
\BOOKMARK [1][-]{section.4.3}{Dataflow Model}{chapter.4}% 19
\BOOKMARK [1][-]{section.4.4}{Mapping}{chapter.4}% 20
\BOOKMARK [1][-]{section.4.5}{Code Generation}{chapter.4}% 21
\BOOKMARK [0][-]{chapter.5}{Algorithm Partitioning}{}% 22
\BOOKMARK [1][-]{section.5.1}{Variables}{chapter.5}% 23
\BOOKMARK [1][-]{section.5.2}{Constraints}{chapter.5}% 24
\BOOKMARK [1][-]{section.5.3}{ILP Implementation}{chapter.5}% 25
\BOOKMARK [1][-]{section.5.4}{Performance Modeling}{chapter.5}% 26
\BOOKMARK [1][-]{section.5.5}{Cost Modeling}{chapter.5}% 27
\BOOKMARK [1][-]{section.5.6}{Optimization}{chapter.5}% 28
\BOOKMARK [1][-]{section.5.7}{Final Mapping}{chapter.5}% 29
\BOOKMARK [0][-]{chapter.6}{Analysis}{}% 30
\BOOKMARK [1][-]{section.6.1}{Spectrometer Case Study}{chapter.6}% 31
\BOOKMARK [1][-]{section.6.2}{High Resolution Spectrometer Case Study}{chapter.6}% 32
\BOOKMARK [1][-]{section.6.3}{FX Correlator Case Study}{chapter.6}% 33
\BOOKMARK [0][-]{chapter.7}{Conclusions}{}% 34
\BOOKMARK [1][-]{section.7.1}{Future Work}{chapter.7}% 35
\BOOKMARK [0][-]{section*.47}{Bibliography}{}% 36
